==========================================================
Starting on       : Fri Aug 13 15:22:11 EDT 2021
Running on node   : scc-mh8
Current directory : /rprojectnb2/lgrc/small_RNA/Final_Analysis/Analysis/MIR34C_IsomiR_Sequences
Current job ID    : 8488506
Current job name  : mir34c
Task index number : 
==========================================================

LT000216LL
LT000379LU
LT001098RU
LT001600RL
LT002410RM
LT002501RL
LT003990RU
LT004173LL
LT005256RL
LT005419RU
LT006946RM
LT007392RU
LT009099RL
LT009615LU
LT010012LU
LT010491LL
LT012861RU
LT012933RL
LT013011LU
LT013743LL
LT016556LU
LT017275LL
LT017495RL
LT017811RM
LT019699RL
LT020426LU
LT021461RM
LT021748RL
LT022251RL
LT022562LL
LT023631RU
LT024857LU
LT0249481LU
LT024952RU_HiSeq
LT024952RU
LT024967LU
LT025997RU
LT026534RL
LT028044RU
LT028264RL
LT028427LU
LT030041RU
LT030151RU
LT030662LL
LT032411RU
LT036383LL
LT037710RU
LT038075LL
LT038591LU
LT041389RL
LT042988LU
LT043343LU
LT043798LU
LT044225RL
LT045346RU
LT045399RL
LT046027RL_HiSeq
LT046027RL
LT046103LU
LT046539RL
LT047152LL
LT048637LL
LT050246RU
LT051568RU
LT051993RU
LT053283RU
LT055396LU
LT055745RU
LT055841LL
LT056024RL
LT056301LL
LT056464LL
LT056627RU
LT058156LU
LT058319LU
LT058691LU
LT059224RL
LT059721LU
LT059865RU
LT059975LU
LT060406RL
LT062121LL
LT062141RL
LT063974LL
LT066309LL
LT067200LU
LT069585RL
LT070403LL
LT071706RL
LT072387LU
LT072789RU
LT075094LU
LT075462RU
LT075917RU
LT076181LI
LT076421LL
LT076617LL
LT077264RU
LT077800RU
LT078347LL
LT079487LL
LT080750LL
LT081077RU
LT081282RM
LT082461RL
LT083491LU
LT083759RL
LT084038RM
LT084406RU
LT084808LU
LT087826LL
LT089451RU
LT089723LL
LT089958RL
LT090666LI
LT092669LU
LT093297LU
LT095342LU
LT096430LU
LT096554LU
LT099879RL
LT100654RL
LT100821RL
LT100984RL
LT102131RL
LT102695LL
LT104717LL
LT105618RL
LT106519RL
LT106561LL
LT106997RU
LT107185RU
LT108067RU
LT109097LL
LT109231RU
LT109321RL
LT111643RU
LT111916LL
LT112491RM
LT112597RU
LT113005RU
LT113077LL
LT115251RU
LT115840LL
LT118064RL
LT118519RL
LT119300LU
LT119682RL
LT120371LL
LT121014LL
LT121928RL
LT122336LU
LT123131RL
LT123313RM
LT125521LL-2
LT125521LL
LT125775RL
LT126293RU
LT126327LU
LT126571RU
LT126767LL
LT127070RL
LT128191LL
LT128262RU
LT130350RU
LT130546RU
LT130603LL
LT131432RU
LT131887LL
LT132314LI
LT132625RU
LT134719RU
LT134776LL
LT135390LL
LT136415RU
LT137431RL
LT139051LU
LT139649RU
LT139691RU
LT140046RU
LT141224LL
LT141870LU
LT142159RU
LT142933RU
LT143944LL
LT144462RU
LT144769RL
LT145086RU
LT145196LU
LT147610LL
LT147658RU
LT148286LL
LT148377LU
LT150340LU
LT150981RU
LT151920RL
LT152653LU
LT152979LL
LT154455RU
LT155318RL
LT155982RU
LT156171LL
LT156481LL
LT157177RU
LT157253RL_HiSeq
LT157253RL
LT157856LU
LT158647RU
LT158795LL
LT159988RL
LT160089RU
LT162479RU
LT163513RL
LT165114RU
LT166111RU
LT166240RM
LT166493RM
LT166565RU
LT167891LU
LT167906LL
LT168094RL
LT168204LL
LT168219RL
LT169564RU
LT171097RL
LT172093RL
LT173597LL
LT173946RL
LT174536LU
LT175399RU
LT175949LL
LT176510LU
LT177521RU
LT178307RU
LT178929RL
LT178967RL
LT180102RL
LT180758RM
LT181845RU
LT184347RU
LT184423LL
LT184772RL
LT184901RU
LT185066RL_HiSeq
LT185066RL
LT185970RL
LT187987LL
LT188161LL
LT190004RU
LT190870RU
LT191020LI
LT191618LU
LT191675RL
LT192758RU
LT194990RU
LT195011RL
LT195192RL
LT195484RU
LT195522RU
LT196199RU
LT196309RL
LT196677RU
LT197381LI
LT197511LU
LT197821RL
LT198741LU
LT199987LU
LT201348LL
LT203431RL
LT203446LL
LT203541RU
LT205601LL
LT205707LL
LT206010LU
LT206871LU
LT207073RU
LT211455LU
LT211728RU_HiSeq
LT211728RU
LT212777RU
LT213352LU
LT213735RU
LT216500LU
LT217339RL
LT219681RL
LT220968RU
LT221510LU
LT221782LL
LT221983RM
LT222702LL
LT222755RL
LT223106RU
LT228772LL
LT228897LL
LT229669RU
LT230142RL
LT230415RU
LT231101RL
LT231373LU
LT233620RU
LT233821RL
LT234205RL
LT234774LU
LT235441RL
LT235584LU
LT236045LL
LT236519LL
LT236557RL
LT238531RU
LT238765RL
LT241811LL
LT242161RL
LT242420LU
LT243058RU
LT243794RL
LT244399LU
LT244824RU
LT245084RU
LT245983LU
LT246994RU
LT248906LL
LT249811RU
LT251693LL
LT253131RU
LT253371RL
LT253677RL
LT256221LL
LT258372RL
LT259072LU
LT262371RM
LT262496LU
LT263636RU
LT264283RL
LT264690LU
LT265199LU
LT265662LU
LT266817LL
LT269381RU
LT269763RL
LT270821RU
LT271100LU
LT271679LU
LT273284LL
LT274443LU
LT275526RU
LT277036RU
LT277811RL
LT279828RU
LT280560LU
LT280646RU
LT280851LL
LT282467LL
LT282562RM
LT282601LL
LT284144LU
LT285671LU
LT285906LL
LT286056RU
LT286300LU
LT286644RL
LT287158LU
LT288719RL
LT290677RU
LT291578RU_HiSeq
LT291578RU
LT294945LU
LT295133LL
LT296771LL
LT297451LU
LT299181LU
LT91552LL
==========================================================
8488506 finished on       : Fri Aug 13 18:07:45 EDT 2021
==========================================================
